# Preference setting overrides
gui_create_pref_key -category {Globals} -key {load_detail_for_funcov} -value_type {bool} -value {false}

# State setting overrides
gui_state_default_create -off -ini
gui_set_state_value -category Layout -key child_console_size_x -value 1852
gui_set_state_value -category Layout -key child_console_size_y -value 176
gui_set_state_value -category Layout -key child_data_size_x -value 171
gui_set_state_value -category Layout -key child_data_size_y -value 741
gui_set_state_value -category Layout -key child_hier_col3 -value {-1}
gui_set_state_value -category Layout -key child_hier_colpd -value 0
gui_set_state_value -category Layout -key child_hier_size_x -value 171
gui_set_state_value -category Layout -key child_hier_size_y -value 741
gui_set_state_value -category Layout -key child_source_docknewline -value false
gui_set_state_value -category Layout -key child_source_pos_x -value {-2}
gui_set_state_value -category Layout -key child_source_pos_y -value {-15}
gui_set_state_value -category Layout -key child_source_size_x -value 1513
gui_set_state_value -category Layout -key child_source_size_y -value 736
gui_set_state_value -category Layout -key child_wave_colname -value 282
gui_set_state_value -category Layout -key child_wave_colvalue -value 250
gui_set_state_value -category Layout -key child_wave_left -value 537
gui_set_state_value -category Layout -key child_wave_right -value 1310
gui_set_state_value -category Layout -key main_pos_x -value 67
gui_set_state_value -category Layout -key main_pos_y -value 147
gui_set_state_value -category Layout -key main_size_x -value 1919
gui_set_state_value -category Layout -key main_size_y -value 1171
gui_set_state_value -category Layout -key stand_wave_child_docknewline -value false
gui_set_state_value -category Layout -key stand_wave_child_pos_x -value {-2}
gui_set_state_value -category Layout -key stand_wave_child_pos_y -value {-15}
gui_set_state_value -category Layout -key stand_wave_child_size_x -value 1857
gui_set_state_value -category Layout -key stand_wave_child_size_y -value 912
gui_set_state_value -category Layout -key stand_wave_top_pos_y -value 230
gui_set_state_value -category Layout -key stand_wave_top_size_x -value 1952
gui_set_state_value -category Layout -key stand_wave_top_size_y -value 1254
gui_create_state_key -category FindDialog -key m_pMatchCase -value_type bool -value false
gui_create_state_key -category FindDialog -key m_pMatchWord -value_type bool -value false
gui_create_state_key -category FindDialog -key m_pUseCombo -value_type string -value {}
gui_create_state_key -category FindDialog -key m_pWrapAround -value_type bool -value true
gui_state_default_create -off

# Begin command logging
gui_sim_run Ucli -exe ./simv_com -args {-ucligui  } -dir .
gui_list_select_all -id Data.1
gui_open_window Wave
gui_list_add -id Wave.1 -from Data.1 { {sh_reg_test.rd_data[13:0]} sh_reg_test.clk sh_reg_test.reset sh_reg_test.wr_en sh_reg_test.wr_data sh_reg_test.re_en {sh_reg_test.re_data[13:0]} } -insertionbar
gui_marker_move -id  Wave.1 C1 146
gui_sim_continue  
gui_wv_scroll_hslidermove -id  Wave.1 0
gui_list_select -id Wave.1 -selected  { {sh_reg_test.re_data[13:0]}   }
gui_list_select -id Wave.1 -selected  { sh_reg_test.re_en   }
gui_wv_scroll_hslidermove -id  Wave.1 0
gui_list_expand -id  Wave.1   {sh_reg_test.rd_data[13:0]}
gui_marker_move -id  Wave.1 C1 100
gui_marker_move -id  Wave.1 C1 57
gui_marker_move -id  Wave.1 C1 118
gui_marker_move -id  Wave.1 C1 168
gui_marker_move -id  Wave.1 C1 232
gui_list_select -id Wave.1 -selected  { sh_reg_test.wr_en   }
gui_marker_move -id  Wave.1 C1 323
gui_marker_move -id  Wave.1 C1 343
gui_wv_scroll_hslidermove -id  Wave.1 160
gui_wv_scroll_hslidermove -id  Wave.1 1532
gui_marker_move -id  Wave.1 C1 768
gui_wv_scroll_hslidermove -id  Wave.1 1770
gui_marker_move -id  Wave.1 C1 859
gui_marker_move -id  Wave.1 C1 948
gui_marker_move -id  Wave.1 C1 857
gui_wv_scroll_hslidermove -id  Wave.1 3566
gui_marker_move -id  Wave.1 C1 1528
gui_marker_move -id  Wave.1 C1 1467
gui_marker_move -id  Wave.1 C1 1536
gui_marker_move -id  Wave.1 C1 1476
gui_marker_move -id  Wave.1 C1 1517
gui_marker_move -id  Wave.1 C1 1477
gui_marker_move -id  Wave.1 C1 1528
gui_wv_scroll_hslidermove -id  Wave.1 0
gui_close_window -window TopLevel.2
gui_close_window -window Source.1
