20:32:35    16 -->                                                             [tcl] ucliGUI::connect -toolargs -ucligui -toolexe ./simv_com -pid 25882 -toolin /tmp/vcs_20200102123233_25881_fmrt..stdin -toolout /tmp/vcs_20200102123233_25881_fmrt..stdout  
20:32:35    17 -->                                                                 [tcl] set ucliGUI::state
20:32:35    18 -->                                                                     [tcl] gui_update_simulator_buttons
20:32:36    19 -->                                                                         [tcl] set ucliGUI::state
20:32:36    20 -->                                                                             [tcl] ucliCore::getToolPID
20:32:36    21 -->                                                                                 [tcl] synopsys::env hasTB
20:32:36    22 -->                                                                                     [tcl] trigger_hier_stack_context_switch 0
20:32:36    23 -->                                                                                         [tcl] synUtils::setDVEInitPhase 1
20:32:36    24 -->                                                                                             [tcl] gui_get_env SIMSETUP::SIMVPD
20:32:36    25 --> ...  [tcl] synopsys::dump -type VPD -file /home/fmrt/workspace/branch_predictor/branch_predictor/sim/inter.vpd -locking
20:32:36    26 --> ...      [tcl] synopsys::dump -autoflush on -fid VPD0
20:32:36    27 --> ...          [tcl] set ::dve_fid VPD0
20:32:36    28 --> ...              [tcl] synUtils::setDVEInitPhase 0
20:32:36    29 --> ...                  [tcl] ucliCore::getToolPID
20:32:36    30 --> ...                      [tcl] synUtils::sendTool -active _icl_setToolSocket /tmp/smlnpbQ00tu
20:32:36    31 --> ...                          [tcl] synUtils::sendTool -active {_icl_start_rpc -version "L-2016.06_Full64" -sync_file /tmp/vcs_dve_rpc.fmrt.25882}
20:32:36    32 --> ...                              [tcl] synUtils::sendTool -active {_icl_createSharedMemory /tmp/vcs_dve_general.fmrt.25882}
20:32:36    33 --> ...                                  [tcl] dveMisc::vbusExpand fin_sta_mac_test
20:32:36    34 --> ...                                      [tcl] config endofsim noexit
20:32:36    35 --> ...                                          [tcl] config onfail enable all
20:32:36    36 --> ...                                              [tcl] config syscaddplainmembers
20:32:36    37 --> ...                                                  [tcl] config syscaddsourcenames
20:32:36    38 --> ...                                                      [tcl] config syscaddstructtypes
20:32:36    39 --> ...                                                          [tcl] synopsys::listing -disable
20:32:40    40 --> ...                                                              [tcl] ucliGUI::vpdAddHierarchy -scope fin_sta_mac_test -depth 1 -file /home/fmrt/workspace/branch_predictor/branch_predictor/sim/inter.vpd; synopsys::dump -flush VPD0
20:32:40    41 --> ...                                                                  [tcl] synopsys::dump -add {fin_sta_mac_test.clk fin_sta_mac_test.in_data fin_sta_mac_test.out_data fin_sta_mac_test.reset fin_sta_mac_test.torn fin_sta_mac_test.wr_en } -aggregates  -fid VPD0
20:32:42    42 --> ...                                                                      [tcl] synopsys::run
20:32:42    43 --> ...                                                                          [tcl] set ucliGUI::state
20:32:42    44 --> ...                                                                              [tcl] set ucliGUI::state
20:32:42    45 --> ...                                                                                  [tcl] set ucliGUI::state
20:32:42    46 --> ...                                                                                      [tcl] set ucliGUI::state
20:32:42    47 --> ...                                                                                          [tcl] catch {senv activeDomain} dveMisc::result 
20:32:42    48 --> ...                                                                                              [tcl] set dveMisc::result
20:32:42    49 --> ...                                                                                                  [tcl] gui_update_simulator_buttons
20:33:04    50 --> ...  [tcl] if [catch {gui_sim_terminate}] {gui_sim_terminate -kill}
20:33:04    51 --> ...      [tcl] synopsys::finish
20:33:04    52 --> ...          [tcl] set ucliGUI::state
20:33:04    53 --> ...              [tcl] set ucliGUI::state
20:33:04    54 --> ...                  [tcl] catch {senv activeDomain} dveMisc::result 
20:33:04    55 --> ...                      [tcl] set dveMisc::result
20:33:04    56 --> ...                          [tcl] gui_update_simulator_buttons
20:33:04    57 --> ...                              [tcl] catch {senv activeDomain} dveMisc::result 
20:33:04    58 --> ...                                  [tcl] set dveMisc::result
20:33:05    59 --> ...                                      [tcl] ucli_exit
